16:43:50.843 [main] INFO  testCases.TC001_AccountRegistrationTest - ****starting TC001_AccountRegistrationTest****
16:43:51.016 [main] INFO  testCases.TC001_AccountRegistrationTest - Clicked on MyAccount Link
16:43:53.404 [main] INFO  testCases.TC001_AccountRegistrationTest - Clicked on Register Link
16:43:53.407 [main] INFO  testCases.TC001_AccountRegistrationTest - Providing customer details...
16:43:56.132 [main] INFO  testCases.TC001_AccountRegistrationTest - Validating expected message
16:43:56.194 [main] INFO  testCases.TC001_AccountRegistrationTest - ****Finished TC001_AccountRegistrationTest****
17:06:09.692 [main] INFO  testCases.TC001_AccountRegistrationTest - ****starting TC001_AccountRegistrationTest****
17:06:09.865 [main] INFO  testCases.TC001_AccountRegistrationTest - Clicked on MyAccount Link
17:06:12.554 [main] INFO  testCases.TC001_AccountRegistrationTest - Clicked on Register Link
17:06:12.559 [main] INFO  testCases.TC001_AccountRegistrationTest - Providing customer details...
17:06:15.463 [main] INFO  testCases.TC001_AccountRegistrationTest - Validating expected message
17:06:15.518 [main] INFO  testCases.TC001_AccountRegistrationTest - ****Finished TC001_AccountRegistrationTest****
17:09:22.353 [main] INFO  testCases.TC001_AccountRegistrationTest - ****starting TC001_AccountRegistrationTest****
17:09:22.544 [main] INFO  testCases.TC001_AccountRegistrationTest - Clicked on MyAccount Link
17:09:25.002 [main] INFO  testCases.TC001_AccountRegistrationTest - Clicked on Register Link
17:09:25.008 [main] INFO  testCases.TC001_AccountRegistrationTest - Providing customer details...
17:09:27.864 [main] INFO  testCases.TC001_AccountRegistrationTest - Validating expected message
17:09:27.905 [main] INFO  testCases.TC001_AccountRegistrationTest - ****Finished TC001_AccountRegistrationTest****
17:09:53.270 [main] INFO  testCases.TC001_AccountRegistrationTest - ****starting TC001_AccountRegistrationTest****
17:09:53.415 [main] INFO  testCases.TC001_AccountRegistrationTest - Clicked on MyAccount Link
17:09:55.828 [main] INFO  testCases.TC001_AccountRegistrationTest - Clicked on Register Link
17:09:55.829 [main] INFO  testCases.TC001_AccountRegistrationTest - Providing customer details...
17:09:58.741 [main] INFO  testCases.TC001_AccountRegistrationTest - Validating expected message
17:09:58.803 [main] INFO  testCases.TC001_AccountRegistrationTest - ****Finished TC001_AccountRegistrationTest****
17:26:17.773 [TestNG-tests-1] INFO  testCases.TC001_AccountRegistrationTest - ****starting TC001_AccountRegistrationTest****
17:26:17.894 [TestNG-tests-2] INFO  testCases.TC001_AccountRegistrationTest - ****starting TC001_AccountRegistrationTest****
17:26:18.005 [TestNG-tests-1] INFO  testCases.TC001_AccountRegistrationTest - Clicked on MyAccount Link
17:26:18.064 [TestNG-tests-2] INFO  testCases.TC001_AccountRegistrationTest - Clicked on MyAccount Link
17:26:20.050 [TestNG-tests-1] INFO  testCases.TC001_AccountRegistrationTest - Clicked on Register Link
17:26:20.054 [TestNG-tests-1] INFO  testCases.TC001_AccountRegistrationTest - Providing customer details...
17:26:20.335 [TestNG-tests-2] INFO  testCases.TC001_AccountRegistrationTest - Clicked on Register Link
17:26:20.335 [TestNG-tests-2] INFO  testCases.TC001_AccountRegistrationTest - Providing customer details...
17:26:21.271 [TestNG-tests-2] INFO  testCases.TC001_AccountRegistrationTest - Validating expected message
17:26:23.445 [TestNG-tests-1] INFO  testCases.TC001_AccountRegistrationTest - Validating expected message
17:26:23.501 [TestNG-tests-1] INFO  testCases.TC001_AccountRegistrationTest - ****Finished TC001_AccountRegistrationTest****
17:26:24.041 [TestNG-tests-2] INFO  testCases.TC001_AccountRegistrationTest - ****Finished TC001_AccountRegistrationTest****
17:44:47.421 [TestNG-tests-2] INFO  testCases.TC001_AccountRegistrationTest - ****starting TC001_AccountRegistrationTest****
17:44:47.583 [TestNG-tests-2] INFO  testCases.TC001_AccountRegistrationTest - Clicked on MyAccount Link
17:44:50.086 [TestNG-tests-2] INFO  testCases.TC001_AccountRegistrationTest - Clicked on Register Link
17:44:50.089 [TestNG-tests-2] INFO  testCases.TC001_AccountRegistrationTest - Providing customer details...
17:44:50.893 [TestNG-tests-2] INFO  testCases.TC001_AccountRegistrationTest - Validating expected message
17:44:50.962 [TestNG-tests-1] INFO  testCases.TC001_AccountRegistrationTest - ****starting TC001_AccountRegistrationTest****
17:44:51.082 [TestNG-tests-1] INFO  testCases.TC001_AccountRegistrationTest - Clicked on MyAccount Link
17:44:52.865 [TestNG-tests-2] INFO  testCases.TC001_AccountRegistrationTest - ****Finished TC001_AccountRegistrationTest****
17:44:53.750 [TestNG-tests-1] INFO  testCases.TC001_AccountRegistrationTest - Clicked on Register Link
17:44:53.750 [TestNG-tests-1] INFO  testCases.TC001_AccountRegistrationTest - Providing customer details...
17:44:56.510 [TestNG-tests-1] INFO  testCases.TC001_AccountRegistrationTest - Validating expected message
17:44:56.544 [TestNG-tests-1] INFO  testCases.TC001_AccountRegistrationTest - ****Finished TC001_AccountRegistrationTest****
18:29:41.984 [main] INFO  testCases.TC002_LoginTest - ***starting TC002_LoginTest***
18:31:12.136 [main] INFO  testCases.TC002_LoginTest - ***starting TC002_LoginTest***
22:49:14.703 [main] INFO  testCases.TC002_LoginTest - ***starting TC002_LoginTest***
22:51:19.252 [main] INFO  testCases.TC002_LoginTest - ***starting TC002_LoginTest***
22:52:19.817 [main] INFO  testCases.TC002_LoginTest - ***starting TC002_LoginTest***
22:52:56.445 [main] INFO  testCases.TC002_LoginTest - ***starting TC002_LoginTest***
22:52:58.054 [main] INFO  testCases.TC002_LoginTest - ***Finished TC002_LoginTest***
10:04:09.341 [main] INFO  testCases.TC002_LoginTest - ***starting TC002_LoginTest***
10:04:11.184 [main] INFO  testCases.TC002_LoginTest - ***Finished TC002_LoginTest***
10:06:40.229 [main] INFO  org.testng.internal.Utils - [TestNG] Running:
  C:\Users\tummala.nikhilsai\eclipse-workspace\OpenCart\master.xml

10:06:44.728 [main] INFO  testCases.TC002_LoginTest - ***starting TC002_LoginTest***
10:06:46.632 [main] INFO  testCases.TC002_LoginTest - ***Finished TC002_LoginTest***
11:00:46.842 [main] INFO  org.testng.internal.Utils - [TestNG] Running:
  C:\Users\tummala.nikhilsai\eclipse-workspace\OpenCart\master.xml

11:00:54.120 [main] INFO  testCases.TC003_LoginDDT - ***starting TC003_LoginDDT
11:00:56.933 [main] INFO  testCases.TC003_LoginDDT - ***Finished TC003_LoginDDT
11:00:56.944 [main] INFO  testCases.TC003_LoginDDT - ***starting TC003_LoginDDT
11:01:08.720 [main] INFO  testCases.TC003_LoginDDT - ***Finished TC003_LoginDDT
11:01:08.726 [main] INFO  testCases.TC003_LoginDDT - ***starting TC003_LoginDDT
11:01:20.588 [main] INFO  testCases.TC003_LoginDDT - ***Finished TC003_LoginDDT
11:01:20.593 [main] INFO  testCases.TC003_LoginDDT - ***starting TC003_LoginDDT
11:01:33.167 [main] INFO  testCases.TC003_LoginDDT - ***Finished TC003_LoginDDT
11:01:33.171 [main] INFO  testCases.TC003_LoginDDT - ***starting TC003_LoginDDT
11:01:36.285 [main] INFO  testCases.TC003_LoginDDT - ***Finished TC003_LoginDDT
11:21:47.784 [main] INFO  org.testng.internal.Utils - [TestNG] Running:
  C:\Users\tummala.nikhilsai\eclipse-workspace\OpenCart\grouping.xml

11:21:53.609 [main] INFO  testCases.TC002_LoginTest - ***starting TC002_LoginTest***
11:21:57.798 [main] INFO  testCases.TC002_LoginTest - ***Finished TC002_LoginTest***
11:22:24.576 [main] INFO  org.testng.internal.Utils - [TestNG] Running:
  C:\Users\tummala.nikhilsai\eclipse-workspace\OpenCart\grouping.xml

11:22:28.437 [main] INFO  testCases.TC001_AccountRegistrationTest - ****starting TC001_AccountRegistrationTest****
11:22:28.555 [main] INFO  testCases.TC001_AccountRegistrationTest - Clicked on MyAccount Link
11:22:29.341 [main] INFO  testCases.TC001_AccountRegistrationTest - Clicked on Register Link
11:22:29.343 [main] INFO  testCases.TC001_AccountRegistrationTest - Providing customer details...
11:22:31.633 [main] INFO  testCases.TC001_AccountRegistrationTest - Validating expected message
11:22:31.671 [main] INFO  testCases.TC001_AccountRegistrationTest - ****Finished TC001_AccountRegistrationTest****
11:22:35.196 [main] INFO  testCases.TC002_LoginTest - ***starting TC002_LoginTest***
11:22:37.211 [main] INFO  testCases.TC002_LoginTest - ***Finished TC002_LoginTest***
11:22:44.197 [main] INFO  org.testng.internal.Utils - [TestNG] Running:
  C:\Users\tummala.nikhilsai\eclipse-workspace\OpenCart\grouping.xml

11:22:47.886 [main] INFO  testCases.TC001_AccountRegistrationTest - ****starting TC001_AccountRegistrationTest****
11:22:48.010 [main] INFO  testCases.TC001_AccountRegistrationTest - Clicked on MyAccount Link
11:22:48.608 [main] INFO  testCases.TC001_AccountRegistrationTest - Clicked on Register Link
11:22:48.611 [main] INFO  testCases.TC001_AccountRegistrationTest - Providing customer details...
11:22:50.773 [main] INFO  testCases.TC001_AccountRegistrationTest - Validating expected message
11:22:50.820 [main] INFO  testCases.TC001_AccountRegistrationTest - ****Finished TC001_AccountRegistrationTest****
11:22:56.242 [main] INFO  testCases.TC002_LoginTest - ***starting TC002_LoginTest***
11:22:59.264 [main] INFO  testCases.TC002_LoginTest - ***Finished TC002_LoginTest***
13:41:56.027 [main] INFO  org.testng.internal.Utils - [TestNG] Running:
  C:\Users\tummala.nikhilsai\eclipse-workspace\OpenCart\grouping.xml

13:42:04.327 [main] INFO  testCases.TC001_AccountRegistrationTest - ****starting TC001_AccountRegistrationTest****
13:42:04.462 [main] INFO  testCases.TC001_AccountRegistrationTest - Clicked on MyAccount Link
13:42:05.542 [main] INFO  testCases.TC001_AccountRegistrationTest - Clicked on Register Link
13:42:05.545 [main] INFO  testCases.TC001_AccountRegistrationTest - Providing customer details...
13:42:06.185 [main] INFO  testCases.TC001_AccountRegistrationTest - Validating expected message
13:42:08.131 [main] INFO  testCases.TC001_AccountRegistrationTest - ****Finished TC001_AccountRegistrationTest****
13:42:11.461 [main] INFO  testCases.TC002_LoginTest - ***starting TC002_LoginTest***
13:42:13.057 [main] INFO  testCases.TC002_LoginTest - ***Finished TC002_LoginTest***
13:45:33.231 [main] INFO  org.testng.internal.Utils - [TestNG] Running:
  C:\Users\tummala.nikhilsai\eclipse-workspace\OpenCart\grouping.xml

13:45:37.093 [main] INFO  testCases.TC001_AccountRegistrationTest - ****starting TC001_AccountRegistrationTest****
13:45:37.206 [main] INFO  testCases.TC001_AccountRegistrationTest - Clicked on MyAccount Link
13:45:37.684 [main] INFO  testCases.TC001_AccountRegistrationTest - Clicked on Register Link
13:45:37.687 [main] INFO  testCases.TC001_AccountRegistrationTest - Providing customer details...
13:45:38.261 [main] INFO  testCases.TC001_AccountRegistrationTest - Validating expected message
13:45:39.800 [main] INFO  testCases.TC001_AccountRegistrationTest - ****Finished TC001_AccountRegistrationTest****
13:45:43.052 [main] INFO  testCases.TC002_LoginTest - ***starting TC002_LoginTest***
13:49:12.366 [main] INFO  org.testng.internal.Utils - [TestNG] Running:
  C:\Users\tummala.nikhilsai\eclipse-workspace\OpenCart\master.xml

13:49:16.323 [main] INFO  testCases.TC001_AccountRegistrationTest - ****starting TC001_AccountRegistrationTest****
13:49:16.432 [main] INFO  testCases.TC001_AccountRegistrationTest - Clicked on MyAccount Link
13:49:17.090 [main] INFO  testCases.TC001_AccountRegistrationTest - Clicked on Register Link
13:49:17.093 [main] INFO  testCases.TC001_AccountRegistrationTest - Providing customer details...
13:49:18.750 [main] INFO  testCases.TC001_AccountRegistrationTest - Validating expected message
13:49:18.784 [main] INFO  testCases.TC001_AccountRegistrationTest - ****Finished TC001_AccountRegistrationTest****
13:49:22.115 [main] INFO  testCases.TC002_LoginTest - ***starting TC002_LoginTest***
13:50:54.251 [main] INFO  org.testng.internal.Utils - [TestNG] Running:
  C:\Users\tummala.nikhilsai\eclipse-workspace\OpenCart\test-output\testng-failed.xml

13:50:57.968 [main] INFO  testCases.TC002_LoginTest - ***starting TC002_LoginTest***
13:51:49.797 [main] INFO  org.testng.internal.Utils - [TestNG] Running:
  C:\Users\tummala.nikhilsai\eclipse-workspace\OpenCart\test-output\testng-failed.xml

13:51:53.508 [main] INFO  testCases.TC002_LoginTest - ***starting TC002_LoginTest***
13:51:55.876 [main] INFO  testCases.TC002_LoginTest - ***Finished TC002_LoginTest***
15:03:54.639 [main] INFO  org.testng.internal.Utils - [TestNG] Running:
  C:\Users\tummala.nikhilsai\eclipse-workspace\OpenCart\master.xml

15:04:02.286 [main] INFO  testCases.TC001_AccountRegistrationTest - ****starting TC001_AccountRegistrationTest****
15:04:02.438 [main] INFO  testCases.TC001_AccountRegistrationTest - Clicked on MyAccount Link
15:04:03.179 [main] INFO  testCases.TC001_AccountRegistrationTest - Clicked on Register Link
15:04:03.182 [main] INFO  testCases.TC001_AccountRegistrationTest - Providing customer details...
15:04:04.897 [main] INFO  testCases.TC001_AccountRegistrationTest - Validating expected message
15:04:04.951 [main] INFO  testCases.TC001_AccountRegistrationTest - ****Finished TC001_AccountRegistrationTest****
15:04:08.914 [main] INFO  testCases.TC002_LoginTest - ***starting TC002_LoginTest***
15:04:10.781 [main] INFO  testCases.TC002_LoginTest - ***Finished TC002_LoginTest***
15:04:58.272 [main] INFO  org.testng.internal.Utils - [TestNG] Running:
  C:\Users\tummala.nikhilsai\eclipse-workspace\OpenCart\master.xml

15:05:06.450 [main] INFO  testCases.TC001_AccountRegistrationTest - ****starting TC001_AccountRegistrationTest****
15:05:06.714 [main] INFO  testCases.TC001_AccountRegistrationTest - Clicked on MyAccount Link
15:05:07.435 [main] INFO  testCases.TC001_AccountRegistrationTest - Clicked on Register Link
15:05:07.439 [main] INFO  testCases.TC001_AccountRegistrationTest - Providing customer details...
15:05:08.320 [main] INFO  testCases.TC001_AccountRegistrationTest - Validating expected message
15:05:10.901 [main] INFO  testCases.TC001_AccountRegistrationTest - ****Finished TC001_AccountRegistrationTest****
15:05:14.689 [main] INFO  testCases.TC002_LoginTest - ***starting TC002_LoginTest***
15:05:17.136 [main] INFO  testCases.TC002_LoginTest - ***Finished TC002_LoginTest***
15:06:03.858 [main] INFO  org.testng.internal.Utils - [TestNG] Running:
  C:\Users\tummala.nikhilsai\eclipse-workspace\OpenCart\crossbrowsertesting.xml

15:06:10.208 [TestNG-tests-1] INFO  testCases.TC001_AccountRegistrationTest - ****starting TC001_AccountRegistrationTest****
15:06:10.208 [TestNG-tests-2] INFO  testCases.TC001_AccountRegistrationTest - ****starting TC001_AccountRegistrationTest****
15:06:10.394 [TestNG-tests-1] INFO  testCases.TC001_AccountRegistrationTest - Clicked on MyAccount Link
15:06:10.488 [TestNG-tests-2] INFO  testCases.TC001_AccountRegistrationTest - Clicked on MyAccount Link
19:29:27.859 [main] INFO  testCases.TC001_AccountRegistrationTest - ****starting TC001_AccountRegistrationTest****
19:29:28.036 [main] INFO  testCases.TC001_AccountRegistrationTest - Clicked on MyAccount Link
19:29:28.840 [main] INFO  testCases.TC001_AccountRegistrationTest - Clicked on Register Link
19:29:28.843 [main] INFO  testCases.TC001_AccountRegistrationTest - Providing customer details...
19:29:31.021 [main] INFO  testCases.TC001_AccountRegistrationTest - Validating expected message
19:29:31.071 [main] INFO  testCases.TC001_AccountRegistrationTest - ****Finished TC001_AccountRegistrationTest****
19:29:34.949 [main] INFO  testCases.TC002_LoginTest - ***starting TC002_LoginTest***
19:29:36.645 [main] INFO  testCases.TC002_LoginTest - ***Finished TC002_LoginTest***
19:30:25.827 [main] INFO  testCases.TC001_AccountRegistrationTest - ****starting TC001_AccountRegistrationTest****
19:30:25.985 [main] INFO  testCases.TC001_AccountRegistrationTest - Clicked on MyAccount Link
19:30:26.671 [main] INFO  testCases.TC001_AccountRegistrationTest - Clicked on Register Link
19:30:26.673 [main] INFO  testCases.TC001_AccountRegistrationTest - Providing customer details...
19:30:29.126 [main] INFO  testCases.TC001_AccountRegistrationTest - Validating expected message
19:30:29.179 [main] INFO  testCases.TC001_AccountRegistrationTest - ****Finished TC001_AccountRegistrationTest****
19:30:32.959 [main] INFO  testCases.TC002_LoginTest - ***starting TC002_LoginTest***
19:30:34.670 [main] INFO  testCases.TC002_LoginTest - ***Finished TC002_LoginTest***
19:31:15.064 [main] INFO  testCases.TC001_AccountRegistrationTest - ****starting TC001_AccountRegistrationTest****
19:31:15.192 [main] INFO  testCases.TC001_AccountRegistrationTest - Clicked on MyAccount Link
19:31:15.814 [main] INFO  testCases.TC001_AccountRegistrationTest - Clicked on Register Link
19:31:15.817 [main] INFO  testCases.TC001_AccountRegistrationTest - Providing customer details...
19:31:17.982 [main] INFO  testCases.TC001_AccountRegistrationTest - Validating expected message
19:31:18.021 [main] INFO  testCases.TC001_AccountRegistrationTest - ****Finished TC001_AccountRegistrationTest****
19:31:21.618 [main] INFO  testCases.TC002_LoginTest - ***starting TC002_LoginTest***
19:31:23.570 [main] INFO  testCases.TC002_LoginTest - ***Finished TC002_LoginTest***
19:32:08.410 [main] INFO  testCases.TC001_AccountRegistrationTest - ****starting TC001_AccountRegistrationTest****
19:32:08.526 [main] INFO  testCases.TC001_AccountRegistrationTest - Clicked on MyAccount Link
19:32:09.081 [main] INFO  testCases.TC001_AccountRegistrationTest - Clicked on Register Link
19:32:09.085 [main] INFO  testCases.TC001_AccountRegistrationTest - Providing customer details...
19:32:09.686 [main] INFO  testCases.TC001_AccountRegistrationTest - Validating expected message
19:32:11.150 [main] INFO  testCases.TC001_AccountRegistrationTest - ****Finished TC001_AccountRegistrationTest****
19:32:14.549 [main] INFO  testCases.TC002_LoginTest - ***starting TC002_LoginTest***
19:32:16.033 [main] INFO  testCases.TC002_LoginTest - ***Finished TC002_LoginTest***
10:52:32.910 [main] INFO  testCases.TC001_AccountRegistrationTest - ****starting TC001_AccountRegistrationTest****
10:52:33.035 [main] INFO  testCases.TC001_AccountRegistrationTest - Clicked on MyAccount Link
10:52:35.169 [main] INFO  testCases.TC001_AccountRegistrationTest - Clicked on Register Link
10:52:35.172 [main] INFO  testCases.TC001_AccountRegistrationTest - Providing customer details...
10:52:38.034 [main] INFO  testCases.TC001_AccountRegistrationTest - Validating expected message
10:52:38.063 [main] INFO  testCases.TC001_AccountRegistrationTest - ****Finished TC001_AccountRegistrationTest****
10:52:46.329 [main] INFO  testCases.TC002_LoginTest - ***starting TC002_LoginTest***
10:52:49.067 [main] INFO  testCases.TC002_LoginTest - ***Finished TC002_LoginTest***
